<?xml version="1.0" encoding="UTF-8"?>
<testsuite name="com.codebyashish.autoimageslider.ExampleUnitTest" tests="1" skipped="0" failures="0" errors="0" timestamp="2023-11-06T14:22:20" hostname="ASHISH-PC" time="0.001">
  <properties/>
  <testcase name="addition_isCorrect" classname="com.codebyashish.autoimageslider.ExampleUnitTest" time="0.001"/>
  <system-out><![CDATA[]]></system-out>
  <system-err><![CDATA[]]></system-err>
</testsuite>
